[0m14:44:32.032053 [debug] [MainThread]: Sending event: {'category': 'dbt', 'action': 'invocation', 'label': 'start', 'context': [<snowplow_tracker.self_describing_json.SelfDescribingJson object at 0x10c883b00>, <snowplow_tracker.self_describing_json.SelfDescribingJson object at 0x10d3d0770>, <snowplow_tracker.self_describing_json.SelfDescribingJson object at 0x10d3d0410>]}


============================== 14:44:32.035182 | d517fedb-aec4-4ef6-898a-c1189e6cd45e ==============================
[0m14:44:32.035182 [info ] [MainThread]: Running with dbt=1.10.13
[0m14:44:32.035569 [debug] [MainThread]: running dbt with arguments {'indirect_selection': 'eager', 'use_colors': 'True', 'no_print': 'None', 'printer_width': '80', 'warn_error_options': 'WarnErrorOptionsV2(error=[], warn=[], silence=[])', 'empty': 'None', 'write_json': 'True', 'introspect': 'True', 'invocation_command': 'dbt init --skip-profile-setup airbnb', 'quiet': 'False', 'cache_selected_only': 'False', 'fail_fast': 'False', 'partial_parse': 'True', 'log_cache_events': 'False', 'debug': 'False', 'warn_error': 'None', 'static_parser': 'True', 'log_format': 'default', 'profiles_dir': '/Users/zhangmengni/.dbt', 'version_check': 'True', 'log_path': 'logs', 'send_anonymous_usage_stats': 'True', 'target_path': 'None', 'use_experimental_parser': 'False'}
[0m14:44:32.046112 [info ] [MainThread]: Creating dbt configuration folder at /Users/zhangmengni/.dbt
[0m14:44:32.047184 [debug] [MainThread]: Starter project path: /Users/zhangmengni/Desktop/coding/dbt/myenv312/lib/python3.12/site-packages/dbt/include/starter_project
[0m14:44:32.051623 [info ] [MainThread]: 
Your new dbt project "airbnb" was created!

For more information on how to configure the profiles.yml file,
please consult the dbt documentation here:

  https://docs.getdbt.com/docs/configure-your-profile

One more thing:

Need help? Don't hesitate to reach out to us via GitHub issues or on Slack:

  https://community.getdbt.com/

Happy modeling!

[0m14:44:32.332539 [debug] [MainThread]: Resource report: {"command_name": "init", "command_success": true, "command_wall_clock_time": 0.34220913, "process_in_blocks": "0", "process_kernel_time": 0.144191, "process_mem_max_rss": "107872256", "process_out_blocks": "0", "process_user_time": 0.721046}
[0m14:44:32.334107 [debug] [MainThread]: Command `dbt init` succeeded at 14:44:32.333860 after 0.34 seconds
[0m14:44:32.334729 [debug] [MainThread]: Sending event: {'category': 'dbt', 'action': 'invocation', 'label': 'end', 'context': [<snowplow_tracker.self_describing_json.SelfDescribingJson object at 0x10d19f170>, <snowplow_tracker.self_describing_json.SelfDescribingJson object at 0x10d07f320>, <snowplow_tracker.self_describing_json.SelfDescribingJson object at 0x10d463980>]}
[0m14:44:32.335418 [debug] [MainThread]: Flushing usage events
[0m14:44:32.877281 [debug] [MainThread]: An error was encountered while trying to flush usage events
[0m14:48:04.020683 [debug] [MainThread]: Sending event: {'category': 'dbt', 'action': 'invocation', 'label': 'start', 'context': [<snowplow_tracker.self_describing_json.SelfDescribingJson object at 0x109123e90>, <snowplow_tracker.self_describing_json.SelfDescribingJson object at 0x10b807c20>, <snowplow_tracker.self_describing_json.SelfDescribingJson object at 0x10b8300e0>]}


============================== 14:48:04.023834 | 1a00a221-7c76-4db5-9fbc-3b35cf9ffbb4 ==============================
[0m14:48:04.023834 [info ] [MainThread]: Running with dbt=1.10.13
[0m14:48:04.024175 [debug] [MainThread]: running dbt with arguments {'quiet': 'False', 'write_json': 'True', 'use_experimental_parser': 'False', 'invocation_command': 'dbt debug', 'debug': 'False', 'fail_fast': 'False', 'use_colors': 'True', 'log_format': 'default', 'target_path': 'None', 'version_check': 'True', 'warn_error_options': 'WarnErrorOptionsV2(error=[], warn=[], silence=[])', 'cache_selected_only': 'False', 'partial_parse': 'True', 'indirect_selection': 'eager', 'warn_error': 'None', 'send_anonymous_usage_stats': 'True', 'no_print': 'None', 'introspect': 'True', 'log_path': 'logs', 'log_cache_events': 'False', 'profiles_dir': '/Users/zhangmengni/Desktop/coding/dbt', 'static_parser': 'True', 'empty': 'None', 'printer_width': '80'}
[0m14:48:04.033692 [info ] [MainThread]: dbt version: 1.10.13
[0m14:48:04.034004 [info ] [MainThread]: python version: 3.12.11
[0m14:48:04.034173 [info ] [MainThread]: python path: /Users/zhangmengni/Desktop/coding/dbt/myenv312/bin/python3.12
[0m14:48:04.034331 [info ] [MainThread]: os info: macOS-26.0.1-arm64-arm-64bit
[0m14:48:04.202919 [debug] [MainThread]: Snowflake adapter: Setting snowflake.connector to ERROR (file logging only)
[0m14:48:04.203206 [debug] [MainThread]: Snowflake adapter: Setting botocore to ERROR (file logging only)
[0m14:48:04.203372 [debug] [MainThread]: Snowflake adapter: Setting boto3 to ERROR (file logging only)
[0m14:48:04.239005 [info ] [MainThread]: Using profiles dir at /Users/zhangmengni/Desktop/coding/dbt
[0m14:48:04.239367 [info ] [MainThread]: Using profiles.yml file at /Users/zhangmengni/Desktop/coding/dbt/profiles.yml
[0m14:48:04.239540 [info ] [MainThread]: Using dbt_project.yml file at /Users/zhangmengni/Desktop/coding/dbt/dbt_project.yml
[0m14:48:04.239978 [info ] [MainThread]: adapter type: snowflake
[0m14:48:04.240133 [info ] [MainThread]: adapter version: 1.10.3
[0m14:48:04.240287 [info ] [MainThread]: Configuration:
[0m14:48:04.240431 [info ] [MainThread]:   profiles.yml file [[32mOK found and valid[0m]
[0m14:48:04.240570 [info ] [MainThread]:   dbt_project.yml file [[31mERROR not found[0m]
[0m14:48:04.240702 [info ] [MainThread]: Required dependencies:
[0m14:48:04.240881 [debug] [MainThread]: Executing "git --help"
[0m14:48:04.259581 [debug] [MainThread]: STDOUT: "b"usage: git [-v | --version] [-h | --help] [-C <path>] [-c <name>=<value>]\n           [--exec-path[=<path>]] [--html-path] [--man-path] [--info-path]\n           [-p | --paginate | -P | --no-pager] [--no-replace-objects] [--no-lazy-fetch]\n           [--no-optional-locks] [--no-advice] [--bare] [--git-dir=<path>]\n           [--work-tree=<path>] [--namespace=<name>] [--config-env=<name>=<envvar>]\n           <command> [<args>]\n\nThese are common Git commands used in various situations:\n\nstart a working area (see also: git help tutorial)\n   clone      Clone a repository into a new directory\n   init       Create an empty Git repository or reinitialize an existing one\n\nwork on the current change (see also: git help everyday)\n   add        Add file contents to the index\n   mv         Move or rename a file, a directory, or a symlink\n   restore    Restore working tree files\n   rm         Remove files from the working tree and from the index\n\nexamine the history and state (see also: git help revisions)\n   bisect     Use binary search to find the commit that introduced a bug\n   diff       Show changes between commits, commit and working tree, etc\n   grep       Print lines matching a pattern\n   log        Show commit logs\n   show       Show various types of objects\n   status     Show the working tree status\n\ngrow, mark and tweak your common history\n   backfill   Download missing objects in a partial clone\n   branch     List, create, or delete branches\n   commit     Record changes to the repository\n   merge      Join two or more development histories together\n   rebase     Reapply commits on top of another base tip\n   reset      Reset current HEAD to the specified state\n   switch     Switch branches\n   tag        Create, list, delete or verify a tag object signed with GPG\n\ncollaborate (see also: git help workflows)\n   fetch      Download objects and refs from another repository\n   pull       Fetch from and integrate with another repository or a local branch\n   push       Update remote refs along with associated objects\n\n'git help -a' and 'git help -g' list available subcommands and some\nconcept guides. See 'git help <command>' or 'git help <concept>'\nto read about a specific subcommand or concept.\nSee 'git help git' for an overview of the system.\n""
[0m14:48:04.260111 [debug] [MainThread]: STDERR: "b''"
[0m14:48:04.260324 [info ] [MainThread]:  - git [[32mOK found[0m]

[0m14:48:04.260503 [info ] [MainThread]: Connection:
[0m14:48:04.260685 [info ] [MainThread]:   account: hzwkjdr-kj92259
[0m14:48:04.260835 [info ] [MainThread]:   user: dbt
[0m14:48:04.260975 [info ] [MainThread]:   database: AIRBNB
[0m14:48:04.261126 [info ] [MainThread]:   warehouse: COMPUTE_WH
[0m14:48:04.261265 [info ] [MainThread]:   role: TRANSFORM
[0m14:48:04.261401 [info ] [MainThread]:   schema: DEV
[0m14:48:04.261543 [info ] [MainThread]:   authenticator: None
[0m14:48:04.261679 [info ] [MainThread]:   oauth_client_id: None
[0m14:48:04.261822 [info ] [MainThread]:   query_tag: None
[0m14:48:04.261966 [info ] [MainThread]:   client_session_keep_alive: False
[0m14:48:04.262108 [info ] [MainThread]:   host: None
[0m14:48:04.262252 [info ] [MainThread]:   port: None
[0m14:48:04.262388 [info ] [MainThread]:   proxy_host: None
[0m14:48:04.262531 [info ] [MainThread]:   proxy_port: None
[0m14:48:04.262672 [info ] [MainThread]:   protocol: None
[0m14:48:04.262803 [info ] [MainThread]:   connect_retries: 1
[0m14:48:04.262941 [info ] [MainThread]:   connect_timeout: None
[0m14:48:04.263075 [info ] [MainThread]:   retry_on_database_errors: False
[0m14:48:04.263223 [info ] [MainThread]:   retry_all: False
[0m14:48:04.263364 [info ] [MainThread]:   insecure_mode: False
[0m14:48:04.263498 [info ] [MainThread]:   reuse_connections: True
[0m14:48:04.263632 [info ] [MainThread]:   s3_stage_vpce_dns_name: None
[0m14:48:04.263767 [info ] [MainThread]:   platform_detection_timeout_seconds: 0.0
[0m14:48:04.264144 [info ] [MainThread]: Registered adapter: snowflake=1.10.3
[0m14:48:04.652985 [debug] [MainThread]: Acquiring new snowflake connection 'debug'
[0m14:48:04.677802 [debug] [MainThread]: Using snowflake connection "debug"
[0m14:48:04.678032 [debug] [MainThread]: On debug: select 1 as id
[0m14:48:04.678187 [debug] [MainThread]: Opening a new connection, currently in state init
[0m14:48:06.115034 [debug] [MainThread]: SQL status: SUCCESS 1 in 1.437 seconds
[0m14:48:06.117357 [info ] [MainThread]:   Connection test: [[32mOK connection ok[0m]

[0m14:48:06.118004 [info ] [MainThread]: [31m1 check failed:[0m
[0m14:48:06.118558 [info ] [MainThread]: Project loading failed for the following reason:
 project path </Users/zhangmengni/Desktop/coding/dbt/dbt_project.yml> not found

[0m14:48:06.124578 [debug] [MainThread]: Resource report: {"command_name": "debug", "command_success": false, "command_wall_clock_time": 2.1425803, "process_in_blocks": "0", "process_kernel_time": 0.248686, "process_mem_max_rss": "142114816", "process_out_blocks": "0", "process_user_time": 1.264017}
[0m14:48:06.125595 [debug] [MainThread]: Command `dbt debug` failed at 14:48:06.125396 after 2.14 seconds
[0m14:48:06.126211 [debug] [MainThread]: Connection 'debug' was left open.
[0m14:48:06.126678 [debug] [MainThread]: On debug: Close
[0m14:48:06.457269 [debug] [MainThread]: Sending event: {'category': 'dbt', 'action': 'invocation', 'label': 'end', 'context': [<snowplow_tracker.self_describing_json.SelfDescribingJson object at 0x10b804740>, <snowplow_tracker.self_describing_json.SelfDescribingJson object at 0x10c2eb6b0>, <snowplow_tracker.self_describing_json.SelfDescribingJson object at 0x10aa73530>]}
[0m14:48:06.458810 [debug] [MainThread]: Flushing usage events
[0m14:48:07.009236 [debug] [MainThread]: An error was encountered while trying to flush usage events
[0m11:44:51.035314 [debug] [MainThread]: Sending event: {'category': 'dbt', 'action': 'invocation', 'label': 'start', 'context': [<snowplow_tracker.self_describing_json.SelfDescribingJson object at 0x10d039c40>, <snowplow_tracker.self_describing_json.SelfDescribingJson object at 0x10d6b88c0>, <snowplow_tracker.self_describing_json.SelfDescribingJson object at 0x10d6b8560>]}


============================== 11:44:51.038754 | 598495fb-eb59-4b6c-972f-a6d977e6fa8d ==============================
[0m11:44:51.038754 [info ] [MainThread]: Running with dbt=1.10.13
[0m11:44:51.039107 [debug] [MainThread]: running dbt with arguments {'printer_width': '80', 'static_parser': 'True', 'version_check': 'True', 'cache_selected_only': 'False', 'profiles_dir': '/Users/zhangmengni/.dbt', 'warn_error_options': 'WarnErrorOptionsV2(error=[], warn=[], silence=[])', 'invocation_command': 'dbt run', 'no_print': 'None', 'use_experimental_parser': 'False', 'debug': 'False', 'use_colors': 'True', 'partial_parse': 'True', 'introspect': 'True', 'empty': 'False', 'target_path': 'None', 'send_anonymous_usage_stats': 'True', 'fail_fast': 'False', 'quiet': 'False', 'write_json': 'True', 'log_format': 'default', 'log_cache_events': 'False', 'log_path': 'logs', 'indirect_selection': 'eager', 'warn_error': 'None'}
[0m11:44:51.039500 [error] [MainThread]: Encountered an error:
Runtime Error
  No dbt_project.yml found at expected path /Users/zhangmengni/Desktop/coding/dbt/dbt_project.yml
  Verify that each entry within packages.yml (and their transitive dependencies) contains a file named dbt_project.yml
  
[0m11:44:51.058118 [debug] [MainThread]: Resource report: {"command_name": "run", "command_success": false, "command_wall_clock_time": 0.065784454, "process_in_blocks": "0", "process_kernel_time": 0.146105, "process_mem_max_rss": "108412928", "process_out_blocks": "0", "process_user_time": 0.758491}
[0m11:44:51.058492 [debug] [MainThread]: Command `dbt run` failed at 11:44:51.058427 after 0.07 seconds
[0m11:44:51.058736 [debug] [MainThread]: Sending event: {'category': 'dbt', 'action': 'invocation', 'label': 'end', 'context': [<snowplow_tracker.self_describing_json.SelfDescribingJson object at 0x10d5893d0>, <snowplow_tracker.self_describing_json.SelfDescribingJson object at 0x10d0fff80>, <snowplow_tracker.self_describing_json.SelfDescribingJson object at 0x10ca09730>]}
[0m11:44:51.058966 [debug] [MainThread]: Flushing usage events
[0m11:44:51.571655 [debug] [MainThread]: An error was encountered while trying to flush usage events
[0m11:50:07.305883 [debug] [MainThread]: Sending event: {'category': 'dbt', 'action': 'invocation', 'label': 'start', 'context': [<snowplow_tracker.self_describing_json.SelfDescribingJson object at 0x10903d490>, <snowplow_tracker.self_describing_json.SelfDescribingJson object at 0x1096b8b60>, <snowplow_tracker.self_describing_json.SelfDescribingJson object at 0x1096b8800>]}


============================== 11:50:07.309343 | 76edd1e7-5f14-409f-a43a-1432fdf7df20 ==============================
[0m11:50:07.309343 [info ] [MainThread]: Running with dbt=1.10.13
[0m11:50:07.309688 [debug] [MainThread]: running dbt with arguments {'cache_selected_only': 'False', 'send_anonymous_usage_stats': 'True', 'printer_width': '80', 'debug': 'False', 'empty': 'False', 'version_check': 'True', 'introspect': 'True', 'warn_error': 'None', 'fail_fast': 'False', 'no_print': 'None', 'target_path': 'None', 'use_experimental_parser': 'False', 'partial_parse': 'True', 'write_json': 'True', 'indirect_selection': 'eager', 'warn_error_options': 'WarnErrorOptionsV2(error=[], warn=[], silence=[])', 'use_colors': 'True', 'log_path': 'logs', 'profiles_dir': '/Users/zhangmengni/.dbt', 'quiet': 'False', 'log_format': 'default', 'invocation_command': 'dbt run', 'log_cache_events': 'False', 'static_parser': 'True'}
[0m11:50:07.310056 [error] [MainThread]: Encountered an error:
Runtime Error
  No dbt_project.yml found at expected path /Users/zhangmengni/Desktop/coding/dbt/dbt_project.yml
  Verify that each entry within packages.yml (and their transitive dependencies) contains a file named dbt_project.yml
  
[0m11:50:07.311922 [debug] [MainThread]: Resource report: {"command_name": "run", "command_success": false, "command_wall_clock_time": 0.04870525, "process_in_blocks": "0", "process_kernel_time": 0.124731, "process_mem_max_rss": "108314624", "process_out_blocks": "0", "process_user_time": 0.701108}
[0m11:50:07.312221 [debug] [MainThread]: Command `dbt run` failed at 11:50:07.312166 after 0.05 seconds
[0m11:50:07.312415 [debug] [MainThread]: Sending event: {'category': 'dbt', 'action': 'invocation', 'label': 'end', 'context': [<snowplow_tracker.self_describing_json.SelfDescribingJson object at 0x10958d5b0>, <snowplow_tracker.self_describing_json.SelfDescribingJson object at 0x108e4f320>, <snowplow_tracker.self_describing_json.SelfDescribingJson object at 0x1096b8ce0>]}
[0m11:50:07.312610 [debug] [MainThread]: Flushing usage events
[0m11:50:07.841630 [debug] [MainThread]: An error was encountered while trying to flush usage events
